Using pre-set license

 COMMAND LINE ARGUMENTS:
/Applications/Unity/Unity.app/Contents/MacOS/Unity
-adb2
-batchMode
-noUpm
-name
AssetImportWorker0
-projectPath
/Users/sara-sofiagorriz/Library/Mobile Documents/com~apple~CloudDocs/Documents/UPF Barcelona/Interactive Systems/Scripting
-logFile
Logs/AssetImportWorker0.log
-srvPort
57975
Successfully changed project path to: /Users/sara-sofiagorriz/Library/Mobile Documents/com~apple~CloudDocs/Documents/UPF Barcelona/Interactive Systems/Scripting
/Users/sara-sofiagorriz/Library/Mobile Documents/com~apple~CloudDocs/Documents/UPF Barcelona/Interactive Systems/Scripting
Using Asset Import Pipeline V2.
Refreshing native plugins compatible for Editor in 27.62 ms, found 1 plugins.
Preloading 0 native plugins for Editor in 0.00 ms.
Initialize engine version: 2020.2.4f1 (becced5a802b)
[Subsystems] Discovering subsystems at path /Applications/Unity/Unity.app/Contents/Resources/UnitySubsystems
[Subsystems] Discovering subsystems at path /Users/sara-sofiagorriz/Library/Mobile Documents/com~apple~CloudDocs/Documents/UPF Barcelona/Interactive Systems/Scripting/Assets
GfxDevice: creating device client; threaded=0
2022-05-05 19:58:43.885 Unity[8465:428544] Color LCD preferred device: Intel(R) Iris(TM) Graphics 6100 (low power)
2022-05-05 19:58:43.885 Unity[8465:428544] Metal devices available: 1
2022-05-05 19:58:43.885 Unity[8465:428544] 0: Intel(R) Iris(TM) Graphics 6100 (low power)
2022-05-05 19:58:43.889 Unity[8465:428544] Using device Intel(R) Iris(TM) Graphics 6100 (low power)
Initializing Metal device caps: Intel(R) Iris(TM) Graphics 6100
Initialize mono
Mono path[0] = '/Applications/Unity/Unity.app/Contents/Managed'
Mono path[1] = '/Applications/Unity/Unity.app/Contents/MonoBleedingEdge/lib/mono/unityjit'
Mono config path = '/Applications/Unity/Unity.app/Contents/MonoBleedingEdge/etc'
Using monoOptions --debugger-agent=transport=dt_socket,embedding=1,server=y,suspend=n,address=127.0.0.1:56465
Begin MonoManager ReloadAssembly
Registering precompiled unity dll's ...
Register platform support module: /Applications/Unity/Unity.app/Contents/PlaybackEngines/MacStandaloneSupport/UnityEditor.OSXStandalone.Extensions.dll
Registered in 0.001079 seconds.
Native extension for OSXStandalone target not found
Refreshing native plugins compatible for Editor in 25.01 ms, found 1 plugins.
Preloading 0 native plugins for Editor in 0.00 ms.
Invoked RoslynAnalysisRunner static constructor.
RoslynAnalysisRunner will not be running.
RoslynAnalysisRunner has terminated.
Mono: successfully reloaded assembly
- Completed reload, in  2.892 seconds
Platform modules already initialized, skipping
Registering precompiled user dll's ...
Registered in 0.000574 seconds.
Begin MonoManager ReloadAssembly
Native extension for OSXStandalone target not found
Refreshing native plugins compatible for Editor in 0.27 ms, found 1 plugins.
Preloading 0 native plugins for Editor in 0.00 ms.
Invoked RoslynAnalysisRunner static constructor.
RoslynAnalysisRunner will not be running.
RoslynAnalysisRunner has terminated.
Mono: successfully reloaded assembly
- Completed reload, in  1.888 seconds
Platform modules already initialized, skipping
========================================================================
Worker process is ready to serve import requests
Launching external process: /Applications/Unity/Unity.app/Contents/Tools/UnityShaderCompiler
Launched and connected shader compiler UnityShaderCompiler after 0.02 seconds
Refreshing native plugins compatible for Editor in 0.21 ms, found 1 plugins.
Preloading 0 native plugins for Editor in 0.00 ms.
Unloading 640 Unused Serialized files (Serialized files now loaded: 0)
System memory in use before: 88.2 MB.
System memory in use after: 88.2 MB.

Unloading 13 unused Assets to reduce memory usage. Loaded Objects now: 1087.
Total: 3.328708 ms (FindLiveObjects: 0.411683 ms CreateObjectMapping: 0.073220 ms MarkObjects: 2.717933 ms  DeleteObjects: 0.123551 ms)

========================================================================
Received Import Request.
  path: Assets/RW
  artifactKey: Guid(6fe7d2552c793fb40a96233f6cf6d7b7) Importer(815301076,1909f56bfc062723c751e8b465ee728b)
Start importing Assets/RW using Guid(6fe7d2552c793fb40a96233f6cf6d7b7) Importer(815301076,1909f56bfc062723c751e8b465ee728b)  -> (artifact id: '67e16b65c45856784f5eda0c37483826') in 0.003866 seconds
  Import took 0.005438 seconds .

========================================================================
Received Prepare
Registering precompiled user dll's ...
Registered in 0.000422 seconds.
Begin MonoManager ReloadAssembly
Native extension for OSXStandalone target not found
Refreshing native plugins compatible for Editor in 0.36 ms, found 1 plugins.
Preloading 0 native plugins for Editor in 0.00 ms.
Invoked RoslynAnalysisRunner static constructor.
RoslynAnalysisRunner will not be running.
RoslynAnalysisRunner has terminated.
Mono: successfully reloaded assembly
- Completed reload, in  1.620 seconds
Platform modules already initialized, skipping
Refreshing native plugins compatible for Editor in 0.26 ms, found 1 plugins.
Preloading 0 native plugins for Editor in 0.00 ms.
Unloading 635 Unused Serialized files (Serialized files now loaded: 0)
System memory in use before: 88.3 MB.
System memory in use after: 88.3 MB.

Unloading 4 unused Assets to reduce memory usage. Loaded Objects now: 1089.
Total: 2.348271 ms (FindLiveObjects: 0.160946 ms CreateObjectMapping: 0.034480 ms MarkObjects: 2.114048 ms  DeleteObjects: 0.036765 ms)

